0 info it worked if it ends with ok
1 verbose cli [ '/usr/bin/nodejs', '/usr/bin/npm', 'rebuild', 'node-sass' ]
2 info using npm@3.10.3
3 info using node@v4.4.7
4 info readInstalled object
5 verbose rebuild path, id [ '/vagrant/node_modules/node-sass', 'node-sass@3.8.0' ]
6 silly rebuild set [ '/vagrant/node_modules/node-sass' ]
7 info build /vagrant/node_modules/node-sass
8 info lifecycle node-sass@3.8.0~preinstall: node-sass@3.8.0
9 silly lifecycle node-sass@3.8.0~preinstall: no script for preinstall, continuing
10 info linkStuff node-sass@3.8.0
11 silly linkStuff node-sass@3.8.0 has /vagrant/node_modules as its parent node_modules
12 verbose linkBins node-sass@3.8.0
13 verbose link bins [ { 'node-sass': 'bin/node-sass' },
13 verbose link bins   '/vagrant/node_modules/.bin',
13 verbose link bins   false ]
14 verbose linkMans node-sass@3.8.0
15 verbose rebuildBundles node-sass@3.8.0
16 verbose rebuildBundles [ '.bin', 'gaze', 'globule', 'lodash', 'minimist', 'mkdirp' ]
17 verbose rebuild bundle /vagrant/node_modules/node-sass/node_modules/globule
18 info build /vagrant/node_modules/node-sass/node_modules/globule
19 silly gentlyRm /vagrant/node_modules/.bin/node-sass is being purged
20 verbose gentlyRm don't care about contents; nuking /vagrant/node_modules/.bin/node-sass
21 silly vacuum-fs purging /vagrant/node_modules/.bin/node-sass
22 info lifecycle globule@1.0.0~preinstall: globule@1.0.0
23 silly lifecycle globule@1.0.0~preinstall: no script for preinstall, continuing
24 info linkStuff globule@1.0.0
25 silly linkStuff globule@1.0.0 has /vagrant/node_modules/node-sass/node_modules as its parent node_modules
26 silly vacuum-fs quitting because other entries in /vagrant/node_modules/.bin
27 verbose linkBins globule@1.0.0
28 verbose linkMans globule@1.0.0
29 verbose rebuildBundles globule@1.0.0
30 info lifecycle globule@1.0.0~install: globule@1.0.0
31 silly lifecycle globule@1.0.0~install: no script for install, continuing
32 info lifecycle globule@1.0.0~postinstall: globule@1.0.0
33 silly lifecycle globule@1.0.0~postinstall: no script for postinstall, continuing
34 verbose rebuild bundle /vagrant/node_modules/node-sass/node_modules/lodash
35 info build /vagrant/node_modules/node-sass/node_modules/lodash
36 info lifecycle lodash@4.9.0~preinstall: lodash@4.9.0
37 silly lifecycle lodash@4.9.0~preinstall: no script for preinstall, continuing
38 info linkStuff lodash@4.9.0
39 silly linkStuff lodash@4.9.0 has /vagrant/node_modules/node-sass/node_modules as its parent node_modules
40 verbose linkBins lodash@4.9.0
41 verbose linkMans lodash@4.9.0
42 verbose rebuildBundles lodash@4.9.0
43 info lifecycle lodash@4.9.0~install: lodash@4.9.0
44 silly lifecycle lodash@4.9.0~install: no script for install, continuing
45 info lifecycle lodash@4.9.0~postinstall: lodash@4.9.0
46 silly lifecycle lodash@4.9.0~postinstall: no script for postinstall, continuing
47 verbose rebuild bundle /vagrant/node_modules/node-sass/node_modules/minimist
48 info build /vagrant/node_modules/node-sass/node_modules/minimist
49 info lifecycle minimist@0.0.8~preinstall: minimist@0.0.8
50 silly lifecycle minimist@0.0.8~preinstall: no script for preinstall, continuing
51 info linkStuff minimist@0.0.8
52 silly linkStuff minimist@0.0.8 has /vagrant/node_modules/node-sass/node_modules as its parent node_modules
53 verbose linkBins minimist@0.0.8
54 verbose linkMans minimist@0.0.8
55 verbose rebuildBundles minimist@0.0.8
56 info lifecycle minimist@0.0.8~install: minimist@0.0.8
57 silly lifecycle minimist@0.0.8~install: no script for install, continuing
58 info lifecycle minimist@0.0.8~postinstall: minimist@0.0.8
59 silly lifecycle minimist@0.0.8~postinstall: no script for postinstall, continuing
60 verbose stack Error: EPROTO: protocol error, symlink '../node-sass/bin/node-sass' -> '/vagrant/node_modules/.bin/node-sass'
60 verbose stack     at Error (native)
61 verbose cwd /vagrant
62 error Linux 3.13.0-87-generic
63 error argv "/usr/bin/nodejs" "/usr/bin/npm" "rebuild" "node-sass"
64 error node v4.4.7
65 error npm  v3.10.3
66 error path ../node-sass/bin/node-sass
67 error code EPROTO
68 error errno -71
69 error syscall symlink
70 error EPROTO: protocol error, symlink '../node-sass/bin/node-sass' -> '/vagrant/node_modules/.bin/node-sass'
71 error If you need help, you may report this error at:
71 error     <https://github.com/npm/npm/issues>
72 verbose exit [ -71, true ]
